<?xml version="1.0" encoding="UTF-8"?>
<testng-results ignored="0" total="1" passed="1" failed="0" skipped="0">
  <reporter-output>
  </reporter-output>
  <suite started-at="2022-07-09T15:24:25 IST" name="Default suite" finished-at="2022-07-09T15:24:43 IST" duration-ms="17120">
    <groups>
    </groups>
    <test started-at="2022-07-09T15:24:25 IST" name="Default test" finished-at="2022-07-09T15:24:43 IST" duration-ms="17120">
      <class name="script.Testcase1">
        <test-method is-config="true" signature="openApp()[pri:0, instance:script.Testcase1@2fd1433e]" started-at="2022-07-09T15:24:26 IST" name="openApp" finished-at="2022-07-09T15:24:37 IST" duration-ms="11837" status="PASS">
          <reporter-output>
          </reporter-output>
        </test-method> <!-- openApp -->
        <test-method signature="tc1()[pri:0, instance:script.Testcase1@2fd1433e]" started-at="2022-07-09T15:24:37 IST" name="tc1" finished-at="2022-07-09T15:24:42 IST" duration-ms="4870" status="PASS">
          <reporter-output>
          </reporter-output>
        </test-method> <!-- tc1 -->
        <test-method is-config="true" signature="closeApp(org.testng.ITestResult)[pri:0, instance:script.Testcase1@2fd1433e]" started-at="2022-07-09T15:24:42 IST" name="closeApp" finished-at="2022-07-09T15:24:43 IST" duration-ms="354" status="PASS">
          <params>
            <param index="0">
              <value>
                <![CDATA[[TestResult name=tc1 status=SUCCESS method=Testcase1.tc1()[pri:0, instance:script.Testcase1@2fd1433e] output={null}]]]>
              </value>
            </param>
          </params>
          <reporter-output>
          </reporter-output>
        </test-method> <!-- closeApp -->
      </class> <!-- script.Testcase1 -->
    </test> <!-- Default test -->
  </suite> <!-- Default suite -->
</testng-results>
